INFO:sim:172 - Generating IP...
Applying current project options...
Finished applying current project options.
WARNING:sim - A core named 'daq_l1a_fifo' already exists in the project. Output
   products for this core may be overwritten.
Resolving generics for 'daq_l1a_fifo'...
WARNING:sim - A core named 'daq_l1a_fifo' already exists in the project. Output
   products for this core may be overwritten.
Applying external generics to 'daq_l1a_fifo'...
Delivering associated files for 'daq_l1a_fifo'...
Delivering EJava files for 'daq_l1a_fifo'...
Generating implementation netlist for 'daq_l1a_fifo'...
INFO:sim - Pre-processing HDL files for 'daq_l1a_fifo'...
WARNING:sim - BlackBox generator run option '-ifmt' found multiple times. Only
   the first occurence is considered.
Running synthesis for 'daq_l1a_fifo'
Running ngcbuild...
Writing VHO instantiation template for 'daq_l1a_fifo'...
Writing VHDL behavioral simulation model for 'daq_l1a_fifo'...
WARNING:sim - Overwriting existing file
   /home/evka/code/GLIBv2/src/ip_cores/tmp/_cg/daq_l1a_fifo/doc/fifo_generator_v
   9_3_vinfo.html with file from view xilinx_documentation
Delivered 3 files into directory
/home/evka/code/GLIBv2/src/ip_cores/tmp/_cg/daq_l1a_fifo
Delivered 1 file into directory
/home/evka/code/GLIBv2/src/ip_cores/tmp/_cg/daq_l1a_fifo
Generating ASY schematic symbol...
INFO:sim:949 - Finished generation of ASY schematic symbol.
Generating SYM schematic symbol for 'daq_l1a_fifo'...
Generating metadata file...
Regenerating ISE project file for 'daq_l1a_fifo'...
Generating ISE project...
XCO file found: daq_l1a_fifo.xco
XMDF file found: daq_l1a_fifo_xmdf.tcl
Adding /home/evka/code/GLIBv2/src/ip_cores/tmp/_cg/daq_l1a_fifo.asy -view all
-origin_type imported
Adding /home/evka/code/GLIBv2/src/ip_cores/tmp/_cg/daq_l1a_fifo.ngc -view all
-origin_type created
Checking file "/home/evka/code/GLIBv2/src/ip_cores/tmp/_cg/daq_l1a_fifo.ngc" for
project device match ...
File "/home/evka/code/GLIBv2/src/ip_cores/tmp/_cg/daq_l1a_fifo.ngc" device
information matches project device.
Adding /home/evka/code/GLIBv2/src/ip_cores/tmp/_cg/daq_l1a_fifo.sym -view all
-origin_type imported
Adding /home/evka/code/GLIBv2/src/ip_cores/tmp/_cg/daq_l1a_fifo.vhd -view all
-origin_type created
INFO:HDLCompiler:1061 - Parsing VHDL file
   "/home/evka/code/GLIBv2/src/ip_cores/tmp/_cg/daq_l1a_fifo.vhd" into library
   work
INFO:ProjectMgmt - Parsing design hierarchy completed successfully.
Adding /home/evka/code/GLIBv2/src/ip_cores/tmp/_cg/daq_l1a_fifo.vho -view all
-origin_type imported
INFO:TclTasksC:2116 - The automatic calculation of top has been turned-off.
   Please set the new top explicitly by running the "project set top" command.
   To re-calculate the new top automatically, set the "Auto Implementation Top"
   property to true.
Top level has been set to "/daq_l1a_fifo"
Generating README file...
Generating FLIST file...
INFO:sim:948 - Finished FLIST file generation.
Launching README viewer...
Moving files to output directory...
Finished moving files to output directory
Wrote CGP file for project 'daq_l1a_fifo'.
